2021-10-18 21:33:40,039 : INFO : iGEM_login : Already logged in.
2021-10-18 21:33:43,687 : INFO : iGEM_URL : C:/Users/Garrett/Documents/Documents/wiki/src/css/bootstrap.min.css was changed to https://2021.igem.org/Template:UFlorida/css/bootstrap-minCSS?action=raw&ctype=text/css in Attributions.html.
2021-10-18 21:33:43,687 : INFO : iGEM_URL : C:/Users/Garrett/Documents/Documents/wiki/src/css/custom.css was changed to https://2021.igem.org/Template:UFlorida/css/customCSS?action=raw&ctype=text/css in Attributions.html.
2021-10-18 21:33:43,687 : INFO : iGEM_URL : C:/Users/Garrett/Documents/Documents/wiki/src/css/nicepage.css was changed to https://2021.igem.org/Template:UFlorida/css/nicepageCSS?action=raw&ctype=text/css in Attributions.html.
2021-10-18 21:33:43,687 : INFO : iGEM_URL : C:/Users/Garrett/Documents/Documents/wiki/src/css/page-1.css was changed to https://2021.igem.org/Template:UFlorida/css/Page-1CSS?action=raw&ctype=text/css in Attributions.html.
2021-10-18 21:33:43,695 : INFO : iGEM_URL : C:/Users/Garrett/Documents/Documents/wiki/src/assets/WS-basic/img/logos/favicon_uflorida.png was changed to https://2021.igem.org/wiki/images/a/a3/T--UFlorida--WS-basic--img--logos--favicon_uflorida.png in Attributions.html.
2021-10-18 21:33:43,695 : INFO : iGEM_URL : C:/Users/Garrett/Documents/Documents/wiki/src/css/fontawesome.min.css was changed to https://2021.igem.org/Template:UFlorida/css/fontawesome-minCSS?action=raw&ctype=text/css in Attributions.html.
2021-10-18 21:33:43,711 : INFO : iGEM_URL : C:/Users/Garrett/Documents/Documents/wiki/src/js/loader.js was changed to https://2021.igem.org/Template:UFlorida/js/loaderJS?action=raw&ctype=text/javascript in Attributions.html.
2021-10-18 21:33:43,711 : INFO : iGEM_URL : C:/Users/Garrett/Documents/Documents/wiki/src/js/nicepage.js was changed to https://2021.igem.org/Template:UFlorida/js/nicepageJS?action=raw&ctype=text/javascript in Attributions.html.
2021-10-18 21:33:43,711 : INFO : iGEM_URL : C:/Users/Garrett/Documents/Documents/wiki/src/js/jquery.js was changed to https://2021.igem.org/Template:UFlorida/js/jqueryJS?action=raw&ctype=text/javascript in Attributions.html.
2021-10-18 21:33:43,719 : INFO : iGEM_URL : C:/Users/Garrett/Documents/Documents/wiki/src/js/fade.js was changed to https://2021.igem.org/Template:UFlorida/js/fadeJS?action=raw&ctype=text/javascript in Attributions.html.
2021-10-18 21:33:43,719 : INFO : iGEM_URL : C:/Users/Garrett/Documents/Documents/wiki/src/js/bootstrap.bundle.min.js was changed to https://2021.igem.org/Template:UFlorida/js/bootstrap-bundle-minJS?action=raw&ctype=text/javascript in Attributions.html.
2021-10-18 21:33:43,719 : INFO : iGEM_URL : C:/Users/Garrett/Documents/Documents/wiki/src/js/jquery-3.2.1.slim.min.js was changed to https://2021.igem.org/Template:UFlorida/js/jquery-3-2-1-slim-minJS?action=raw&ctype=text/javascript in Attributions.html.
2021-10-18 21:33:43,719 : INFO : iGEM_URL : C:/Users/Garrett/Documents/Documents/wiki/src/js/popper.min.js was changed to https://2021.igem.org/Template:UFlorida/js/popper-minJS?action=raw&ctype=text/javascript in Attributions.html.
2021-10-18 21:33:43,727 : INFO : iGEM_URL : C:/Users/Garrett/Documents/Documents/wiki/src/js/bootstrap.min.js was changed to https://2021.igem.org/Template:UFlorida/js/bootstrap-minJS?action=raw&ctype=text/javascript in Attributions.html.
2021-10-18 21:33:43,727 : INFO : iGEM_URL : C:/Users/Garrett/Documents/Documents/wiki/src/index.html was changed to https://2021.igem.org/Team:UFlorida in Attributions.html.
2021-10-18 21:33:43,735 : INFO : iGEM_URL : C:/Users/Garrett/Documents/Documents/wiki/src/Team.html was changed to https://2021.igem.org/Team:UFlorida/Team in Attributions.html.
2021-10-18 21:33:43,735 : INFO : iGEM_URL : C:/Users/Garrett/Documents/Documents/wiki/src/Team.html was changed to https://2021.igem.org/Team:UFlorida/Team in Attributions.html.
2021-10-18 21:33:43,735 : INFO : iGEM_URL : C:/Users/Garrett/Documents/Documents/wiki/src/Attributions.html was changed to https://2021.igem.org/Team:UFlorida/Attributions in Attributions.html.
2021-10-18 21:33:43,743 : INFO : iGEM_URL : C:/Users/Garrett/Documents/Documents/wiki/src/Collaborations.html was changed to https://2021.igem.org/Team:UFlorida/Collaborations in Attributions.html.
2021-10-18 21:33:43,743 : INFO : iGEM_URL : C:/Users/Garrett/Documents/Documents/wiki/src/Description.html was changed to https://2021.igem.org/Team:UFlorida/Description in Attributions.html.
2021-10-18 21:33:43,743 : INFO : iGEM_URL : C:/Users/Garrett/Documents/Documents/wiki/src/Description.html was changed to https://2021.igem.org/Team:UFlorida/Description in Attributions.html.
2021-10-18 21:33:43,743 : INFO : iGEM_URL : C:/Users/Garrett/Documents/Documents/wiki/src/Results.html was changed to https://2021.igem.org/Team:UFlorida/Results in Attributions.html.
2021-10-18 21:33:43,751 : INFO : iGEM_URL : C:/Users/Garrett/Documents/Documents/wiki/src/Contribution.html was changed to https://2021.igem.org/Team:UFlorida/Contribution in Attributions.html.
2021-10-18 21:33:43,751 : INFO : iGEM_URL : C:/Users/Garrett/Documents/Documents/wiki/src/Model.html was changed to https://2021.igem.org/Team:UFlorida/Model in Attributions.html.
2021-10-18 21:33:43,751 : INFO : iGEM_URL : C:/Users/Garrett/Documents/Documents/wiki/src/Engineering.html was changed to https://2021.igem.org/Team:UFlorida/Engineering in Attributions.html.
2021-10-18 21:33:43,751 : INFO : iGEM_URL : C:/Users/Garrett/Documents/Documents/wiki/src/Implementation.html was changed to https://2021.igem.org/Team:UFlorida/Implementation in Attributions.html.
2021-10-18 21:33:43,751 : INFO : iGEM_URL : C:/Users/Garrett/Documents/Documents/wiki/src/Experiments.html was changed to https://2021.igem.org/Team:UFlorida/Experiments in Attributions.html.
2021-10-18 21:33:43,759 : INFO : iGEM_URL : C:/Users/Garrett/Documents/Documents/wiki/src/Parts.html was changed to https://2021.igem.org/Team:UFlorida/Parts in Attributions.html.
2021-10-18 21:33:43,759 : INFO : iGEM_URL : C:/Users/Garrett/Documents/Documents/wiki/src/Human_Practices.html was changed to https://2021.igem.org/Team:UFlorida/Human_Practices in Attributions.html.
2021-10-18 21:33:43,759 : INFO : iGEM_URL : C:/Users/Garrett/Documents/Documents/wiki/src/Human_Practices.html was changed to https://2021.igem.org/Team:UFlorida/Human_Practices in Attributions.html.
2021-10-18 21:33:43,759 : INFO : iGEM_URL : C:/Users/Garrett/Documents/Documents/wiki/src/Communication.html was changed to https://2021.igem.org/Team:UFlorida/Communication in Attributions.html.
2021-10-18 21:33:43,759 : INFO : iGEM_URL : C:/Users/Garrett/Documents/Documents/wiki/src/Partnership.html was changed to https://2021.igem.org/Team:UFlorida/Partnership in Attributions.html.
2021-10-18 21:33:43,767 : INFO : iGEM_URL : C:/Users/Garrett/Documents/Documents/wiki/src/Excellence.html was changed to https://2021.igem.org/Team:UFlorida/Excellence in Attributions.html.
2021-10-18 21:33:43,807 : INFO : iGEM_URL : C:/Users/Garrett/Documents/Documents/wiki/src/assets/WS-basic/img/logos/logo_uf_igem.png was changed to https://2021.igem.org/wiki/images/6/6c/T--UFlorida--WS-basic--img--logos--logo_uf_igem.png in Attributions.html.
2021-10-18 21:33:43,815 : INFO : iGEM_URL : C:/Users/Garrett/Documents/Documents/wiki/src/assets/WS-basic/img/photos/reisch.jpg was changed to https://2021.igem.org/wiki/images/1/1d/T--UFlorida--WS-basic--img--photos--reisch.jpg in Attributions.html.
2021-10-18 21:33:43,815 : INFO : iGEM_URL : C:/Users/Garrett/Documents/Documents/wiki/src/assets/WS-basic/img/photos/donnelly.jpg was changed to https://2021.igem.org/wiki/images/1/15/T--UFlorida--WS-basic--img--photos--donnelly.jpg in Attributions.html.
2021-10-18 21:33:43,815 : INFO : iGEM_URL : C:/Users/Garrett/Documents/Documents/wiki/src/assets/WS-basic/img/photos/schuster.png was changed to https://2021.igem.org/wiki/images/4/40/T--UFlorida--WS-basic--img--photos--schuster.png in Attributions.html.
2021-10-18 21:33:43,823 : INFO : iGEM_URL : C:/Users/Garrett/Documents/Documents/wiki/src/assets/WS-basic/img/photos/harfe.jpg was changed to https://2021.igem.org/wiki/images/5/50/T--UFlorida--WS-basic--img--photos--harfe.jpg in Attributions.html.
2021-10-18 21:33:43,823 : INFO : iGEM_URL : C:/Users/Garrett/Documents/Documents/wiki/src/assets/WS-basic/img/photos/glover.jpg was changed to https://2021.igem.org/wiki/images/a/a3/T--UFlorida--WS-basic--img--photos--glover.jpg in Attributions.html.
2021-10-18 21:33:43,823 : INFO : iGEM_URL : C:/Users/Garrett/Documents/Documents/wiki/src/assets/WS-basic/img/photos/taylor.jpg was changed to https://2021.igem.org/wiki/images/3/32/T--UFlorida--WS-basic--img--photos--taylor.jpg in Attributions.html.
2021-10-18 21:33:43,823 : INFO : iGEM_URL : C:/Users/Garrett/Documents/Documents/wiki/src/assets/WS-basic/img/photos/norton.jpg was changed to https://2021.igem.org/wiki/images/2/25/T--UFlorida--WS-basic--img--photos--norton.jpg in Attributions.html.
2021-10-18 21:33:43,831 : INFO : iGEM_URL : C:/Users/Garrett/Documents/Documents/wiki/src/assets/WS-basic/img/logos/ifas_logo.png was changed to https://2021.igem.org/wiki/images/5/52/T--UFlorida--WS-basic--img--logos--ifas_logo.png in Attributions.html.
2021-10-18 21:33:43,831 : INFO : iGEM_URL : C:/Users/Garrett/Documents/Documents/wiki/src/assets/WS-basic/img/logos/hhp_logo.png was changed to https://2021.igem.org/wiki/images/8/8e/T--UFlorida--WS-basic--img--logos--hhp_logo.png in Attributions.html.
2021-10-18 21:33:43,831 : INFO : iGEM_URL : C:/Users/Garrett/Documents/Documents/wiki/src/assets/WS-basic/img/photos/julie_mallinger.jpg was changed to https://2021.igem.org/wiki/images/d/dc/T--UFlorida--WS-basic--img--photos--julie_mallinger.jpg in Attributions.html.
2021-10-18 21:33:43,831 : INFO : iGEM_URL : C:/Users/Garrett/Documents/Documents/wiki/src/assets/WS-basic/img/photos/david_murcia.png was changed to https://2021.igem.org/wiki/images/d/d1/T--UFlorida--WS-basic--img--photos--david_murcia.png in Attributions.html.
2021-10-18 21:33:43,839 : INFO : iGEM_URL : C:/Users/Garrett/Documents/Documents/wiki/src/assets/WS-basic/img/photos/julie_mallinger.jpg was changed to https://2021.igem.org/wiki/images/d/dc/T--UFlorida--WS-basic--img--photos--julie_mallinger.jpg in Attributions.html.
2021-10-18 21:33:43,839 : INFO : iGEM_URL : C:/Users/Garrett/Documents/Documents/wiki/src/assets/WS-basic/img/photos/david_murcia.png was changed to https://2021.igem.org/wiki/images/d/d1/T--UFlorida--WS-basic--img--photos--david_murcia.png in Attributions.html.
2021-10-18 21:33:43,839 : INFO : iGEM_URL : C:/Users/Garrett/Documents/Documents/wiki/src/assets/WS-basic/img/photos/nick_blumenthal.png was changed to https://2021.igem.org/wiki/images/d/d0/T--UFlorida--WS-basic--img--photos--nick_blumenthal.png in Attributions.html.
2021-10-18 21:33:43,847 : INFO : iGEM_URL : C:/Users/Garrett/Documents/Documents/wiki/src/assets/WS-basic/img/photos/abby_hirshberg.png was changed to https://2021.igem.org/wiki/images/3/31/T--UFlorida--WS-basic--img--photos--abby_hirshberg.png in Attributions.html.
2021-10-18 21:33:43,847 : INFO : iGEM_URL : C:/Users/Garrett/Documents/Documents/wiki/src/assets/WS-basic/img/photos/celeste_wilson.jpg was changed to https://2021.igem.org/wiki/images/e/ee/T--UFlorida--WS-basic--img--photos--celeste_wilson.jpg in Attributions.html.
2021-10-18 21:33:43,847 : INFO : iGEM_URL : C:/Users/Garrett/Documents/Documents/wiki/src/assets/WS-basic/img/photos/ryanne_thelwell.jpg was changed to https://2021.igem.org/wiki/images/c/cc/T--UFlorida--WS-basic--img--photos--ryanne_thelwell.jpg in Attributions.html.
2021-10-18 21:33:43,847 : INFO : iGEM_URL : C:/Users/Garrett/Documents/Documents/wiki/src/assets/WS-basic/img/photos/sarah_bahsoun.jpg was changed to https://2021.igem.org/wiki/images/a/a9/T--UFlorida--WS-basic--img--photos--sarah_bahsoun.jpg in Attributions.html.
2021-10-18 21:33:43,855 : INFO : iGEM_URL : C:/Users/Garrett/Documents/Documents/wiki/src/assets/WS-basic/img/photos/alessio_barca.jpg was changed to https://2021.igem.org/wiki/images/3/38/T--UFlorida--WS-basic--img--photos--alessio_barca.jpg in Attributions.html.
2021-10-18 21:33:43,855 : INFO : iGEM_URL : C:/Users/Garrett/Documents/Documents/wiki/src/assets/WS-basic/img/photos/jacob_york.jpeg was changed to https://2021.igem.org/wiki/images/0/08/T--UFlorida--WS-basic--img--photos--jacob_york.jpeg in Attributions.html.
2021-10-18 21:33:43,855 : INFO : iGEM_URL : C:/Users/Garrett/Documents/Documents/wiki/src/assets/WS-basic/img/photos/lejla_ramic.jpg was changed to https://2021.igem.org/wiki/images/3/3f/T--UFlorida--WS-basic--img--photos--lejla_ramic.jpg in Attributions.html.
2021-10-18 21:33:43,855 : INFO : iGEM_URL : C:/Users/Garrett/Documents/Documents/wiki/src/assets/WS-basic/img/photos/alex_daves.jpeg was changed to https://2021.igem.org/wiki/images/d/d9/T--UFlorida--WS-basic--img--photos--alex_daves.jpeg in Attributions.html.
2021-10-18 21:33:43,863 : INFO : iGEM_URL : C:/Users/Garrett/Documents/Documents/wiki/src/assets/WS-basic/img/photos/shawn_robertson.jpg was changed to https://2021.igem.org/wiki/images/9/9d/T--UFlorida--WS-basic--img--photos--shawn_robertson.jpg in Attributions.html.
2021-10-18 21:33:43,863 : INFO : iGEM_URL : C:/Users/Garrett/Documents/Documents/wiki/src/assets/WS-basic/img/photos/placeholder.png was changed to https://2021.igem.org/wiki/images/b/bc/T--UFlorida--WS-basic--img--photos--placeholder.png in Attributions.html.
2021-10-18 21:33:43,863 : INFO : iGEM_URL : C:/Users/Garrett/Documents/Documents/wiki/src/assets/WS-basic/img/photos/david_murcia.png was changed to https://2021.igem.org/wiki/images/d/d1/T--UFlorida--WS-basic--img--photos--david_murcia.png in Attributions.html.
2021-10-18 21:33:43,863 : INFO : iGEM_URL : C:/Users/Garrett/Documents/Documents/wiki/src/assets/WS-basic/img/photos/garrett_fullerton.jpg was changed to https://2021.igem.org/wiki/images/d/de/T--UFlorida--WS-basic--img--photos--garrett_fullerton.jpg in Attributions.html.
2021-10-18 21:33:43,863 : INFO : iGEM_URL : C:/Users/Garrett/Documents/Documents/wiki/src/assets/WS-basic/img/photos/jordan_hanson.jpg was changed to https://2021.igem.org/wiki/images/5/5f/T--UFlorida--WS-basic--img--photos--jordan_hanson.jpg in Attributions.html.
2021-10-18 21:33:43,871 : INFO : iGEM_URL : C:/Users/Garrett/Documents/Documents/wiki/src/assets/WS-basic/img/logos/school_logos/denmark.png was changed to https://2021.igem.org/wiki/images/f/f9/T--UFlorida--WS-basic--img--logos--school_logos--denmark.png in Attributions.html.
2021-10-18 21:33:43,871 : INFO : iGEM_URL : C:/Users/Garrett/Documents/Documents/wiki/src/assets/WS-basic/img/logos/school_logos/fsu.png was changed to https://2021.igem.org/wiki/images/3/38/T--UFlorida--WS-basic--img--logos--school_logos--fsu.png in Attributions.html.
2021-10-18 21:33:43,871 : INFO : iGEM_URL : C:/Users/Garrett/Documents/Documents/wiki/src/assets/WS-basic/img/logos/school_logos/jhu.png was changed to https://2021.igem.org/wiki/images/0/08/T--UFlorida--WS-basic--img--logos--school_logos--jhu.png in Attributions.html.
2021-10-18 21:33:43,871 : INFO : iGEM_URL : C:/Users/Garrett/Documents/Documents/wiki/src/assets/WS-basic/img/logos/school_logos/upenn.png was changed to https://2021.igem.org/wiki/images/a/aa/T--UFlorida--WS-basic--img--logos--school_logos--upenn.png in Attributions.html.
2021-10-18 21:33:43,879 : INFO : iGEM_URL : C:/Users/Garrett/Documents/Documents/wiki/src/assets/WS-basic/img/logos/school_logos/mit.png was changed to https://2021.igem.org/wiki/images/2/29/T--UFlorida--WS-basic--img--logos--school_logos--mit.png in Attributions.html.
2021-10-18 21:33:43,879 : INFO : iGEM_URL : C:/Users/Garrett/Documents/Documents/wiki/src/assets/WS-basic/img/logos/school_logos/lhs.png was changed to https://2021.igem.org/wiki/images/7/75/T--UFlorida--WS-basic--img--logos--school_logos--lhs.png in Attributions.html.
2021-10-18 21:33:43,975 : INFO : build_and_upload : Contents of Attributions.html have been uploaded previously. Skipping.
2021-10-18 21:33:44,063 : INFO : iGEM_URL : C:/Users/Garrett/Documents/Documents/wiki/src/css/bootstrap.min.css was changed to https://2021.igem.org/Template:UFlorida/css/bootstrap-minCSS?action=raw&ctype=text/css in Collaborations.html.
2021-10-18 21:33:44,063 : INFO : iGEM_URL : C:/Users/Garrett/Documents/Documents/wiki/src/css/custom.css was changed to https://2021.igem.org/Template:UFlorida/css/customCSS?action=raw&ctype=text/css in Collaborations.html.
2021-10-18 21:33:44,063 : INFO : iGEM_URL : C:/Users/Garrett/Documents/Documents/wiki/src/css/nicepage.css was changed to https://2021.igem.org/Template:UFlorida/css/nicepageCSS?action=raw&ctype=text/css in Collaborations.html.
2021-10-18 21:33:44,071 : INFO : iGEM_URL : C:/Users/Garrett/Documents/Documents/wiki/src/css/page-1.css was changed to https://2021.igem.org/Template:UFlorida/css/Page-1CSS?action=raw&ctype=text/css in Collaborations.html.
2021-10-18 21:33:44,071 : INFO : iGEM_URL : C:/Users/Garrett/Documents/Documents/wiki/src/assets/WS-basic/img/logos/favicon_uflorida.png was changed to https://2021.igem.org/wiki/images/a/a3/T--UFlorida--WS-basic--img--logos--favicon_uflorida.png in Collaborations.html.
2021-10-18 21:33:44,071 : INFO : iGEM_URL : C:/Users/Garrett/Documents/Documents/wiki/src/css/fontawesome.min.css was changed to https://2021.igem.org/Template:UFlorida/css/fontawesome-minCSS?action=raw&ctype=text/css in Collaborations.html.
2021-10-18 21:33:44,079 : INFO : iGEM_URL : C:/Users/Garrett/Documents/Documents/wiki/src/js/loader.js was changed to https://2021.igem.org/Template:UFlorida/js/loaderJS?action=raw&ctype=text/javascript in Collaborations.html.
2021-10-18 21:33:44,079 : INFO : iGEM_URL : C:/Users/Garrett/Documents/Documents/wiki/src/js/nicepage.js was changed to https://2021.igem.org/Template:UFlorida/js/nicepageJS?action=raw&ctype=text/javascript in Collaborations.html.
2021-10-18 21:33:44,079 : INFO : iGEM_URL : C:/Users/Garrett/Documents/Documents/wiki/src/js/jquery.js was changed to https://2021.igem.org/Template:UFlorida/js/jqueryJS?action=raw&ctype=text/javascript in Collaborations.html.
2021-10-18 21:33:44,087 : INFO : iGEM_URL : C:/Users/Garrett/Documents/Documents/wiki/src/js/fade.js was changed to https://2021.igem.org/Template:UFlorida/js/fadeJS?action=raw&ctype=text/javascript in Collaborations.html.
2021-10-18 21:33:44,087 : INFO : iGEM_URL : C:/Users/Garrett/Documents/Documents/wiki/src/js/timeline.js was changed to https://2021.igem.org/Template:UFlorida/js/timelineJS?action=raw&ctype=text/javascript in Collaborations.html.
2021-10-18 21:33:44,087 : INFO : iGEM_URL : C:/Users/Garrett/Documents/Documents/wiki/src/js/bootstrap.bundle.min.js was changed to https://2021.igem.org/Template:UFlorida/js/bootstrap-bundle-minJS?action=raw&ctype=text/javascript in Collaborations.html.
2021-10-18 21:33:44,095 : INFO : iGEM_URL : C:/Users/Garrett/Documents/Documents/wiki/src/index.html was changed to https://2021.igem.org/Team:UFlorida in Collaborations.html.
2021-10-18 21:33:44,095 : INFO : iGEM_URL : C:/Users/Garrett/Documents/Documents/wiki/src/Team.html was changed to https://2021.igem.org/Team:UFlorida/Team in Collaborations.html.
2021-10-18 21:33:44,095 : INFO : iGEM_URL : C:/Users/Garrett/Documents/Documents/wiki/src/Team.html was changed to https://2021.igem.org/Team:UFlorida/Team in Collaborations.html.
2021-10-18 21:33:44,103 : INFO : iGEM_URL : C:/Users/Garrett/Documents/Documents/wiki/src/Attributions.html was changed to https://2021.igem.org/Team:UFlorida/Attributions in Collaborations.html.
2021-10-18 21:33:44,103 : INFO : iGEM_URL : C:/Users/Garrett/Documents/Documents/wiki/src/Collaborations.html was changed to https://2021.igem.org/Team:UFlorida/Collaborations in Collaborations.html.
2021-10-18 21:33:44,103 : INFO : iGEM_URL : C:/Users/Garrett/Documents/Documents/wiki/src/Description.html was changed to https://2021.igem.org/Team:UFlorida/Description in Collaborations.html.
2021-10-18 21:33:44,112 : INFO : iGEM_URL : C:/Users/Garrett/Documents/Documents/wiki/src/Description.html was changed to https://2021.igem.org/Team:UFlorida/Description in Collaborations.html.
2021-10-18 21:33:44,115 : INFO : iGEM_URL : C:/Users/Garrett/Documents/Documents/wiki/src/Results.html was changed to https://2021.igem.org/Team:UFlorida/Results in Collaborations.html.
2021-10-18 21:33:44,117 : INFO : iGEM_URL : C:/Users/Garrett/Documents/Documents/wiki/src/Contribution.html was changed to https://2021.igem.org/Team:UFlorida/Contribution in Collaborations.html.
2021-10-18 21:33:44,121 : INFO : iGEM_URL : C:/Users/Garrett/Documents/Documents/wiki/src/Model.html was changed to https://2021.igem.org/Team:UFlorida/Model in Collaborations.html.
2021-10-18 21:33:44,124 : INFO : iGEM_URL : C:/Users/Garrett/Documents/Documents/wiki/src/Engineering.html was changed to https://2021.igem.org/Team:UFlorida/Engineering in Collaborations.html.
2021-10-18 21:33:44,124 : INFO : iGEM_URL : C:/Users/Garrett/Documents/Documents/wiki/src/Implementation.html was changed to https://2021.igem.org/Team:UFlorida/Implementation in Collaborations.html.
2021-10-18 21:33:44,124 : INFO : iGEM_URL : C:/Users/Garrett/Documents/Documents/wiki/src/Experiments.html was changed to https://2021.igem.org/Team:UFlorida/Experiments in Collaborations.html.
2021-10-18 21:33:44,124 : INFO : iGEM_URL : C:/Users/Garrett/Documents/Documents/wiki/src/Parts.html was changed to https://2021.igem.org/Team:UFlorida/Parts in Collaborations.html.
2021-10-18 21:33:44,132 : INFO : iGEM_URL : C:/Users/Garrett/Documents/Documents/wiki/src/Human_Practices.html was changed to https://2021.igem.org/Team:UFlorida/Human_Practices in Collaborations.html.
2021-10-18 21:33:44,132 : INFO : iGEM_URL : C:/Users/Garrett/Documents/Documents/wiki/src/Human_Practices.html was changed to https://2021.igem.org/Team:UFlorida/Human_Practices in Collaborations.html.
2021-10-18 21:33:44,132 : INFO : iGEM_URL : C:/Users/Garrett/Documents/Documents/wiki/src/Communication.html was changed to https://2021.igem.org/Team:UFlorida/Communication in Collaborations.html.
2021-10-18 21:33:44,140 : INFO : iGEM_URL : C:/Users/Garrett/Documents/Documents/wiki/src/Partnership.html was changed to https://2021.igem.org/Team:UFlorida/Partnership in Collaborations.html.
2021-10-18 21:33:44,140 : INFO : iGEM_URL : C:/Users/Garrett/Documents/Documents/wiki/src/Excellence.html was changed to https://2021.igem.org/Team:UFlorida/Excellence in Collaborations.html.
2021-10-18 21:33:44,172 : INFO : iGEM_URL : C:/Users/Garrett/Documents/Documents/wiki/src/assets/WS-basic/img/logos/logo_uf_igem.png was changed to https://2021.igem.org/wiki/images/6/6c/T--UFlorida--WS-basic--img--logos--logo_uf_igem.png in Collaborations.html.
2021-10-18 21:33:44,180 : INFO : iGEM_URL : C:/Users/Garrett/Documents/Documents/wiki/src/assets/WS-basic/img/logos/collab1.png was changed to https://2021.igem.org/wiki/images/4/4e/T--UFlorida--WS-basic--img--logos--collab1.png in Collaborations.html.
2021-10-18 21:33:44,180 : INFO : iGEM_URL : C:/Users/Garrett/Documents/Documents/wiki/src/assets/WS-basic/img/logos/collab2.jpg was changed to https://2021.igem.org/wiki/images/1/1a/T--UFlorida--WS-basic--img--logos--collab2.jpg in Collaborations.html.
2021-10-18 21:33:44,180 : INFO : iGEM_URL : C:/Users/Garrett/Documents/Documents/wiki/src/assets/WS-basic/img/logos/collab3.png was changed to https://2021.igem.org/wiki/images/c/ca/T--UFlorida--WS-basic--img--logos--collab3.png in Collaborations.html.
2021-10-18 21:33:44,253 : INFO : build_and_upload : Contents of Collaborations.html have been uploaded previously. Skipping.
2021-10-18 21:33:44,261 : ERROR : build_and_upload : Could not open/read Communication.html. Skipping.
2021-10-18 21:34:36,024 : INFO : iGEM_URL : C:/Users/Garrett/Documents/Documents/wiki/src/css/bootstrap.min.css was changed to https://2021.igem.org/Template:UFlorida/css/bootstrap-minCSS?action=raw&ctype=text/css in Contribution.html.
2021-10-18 21:34:36,032 : INFO : iGEM_URL : C:/Users/Garrett/Documents/Documents/wiki/src/css/custom.css was changed to https://2021.igem.org/Template:UFlorida/css/customCSS?action=raw&ctype=text/css in Contribution.html.
2021-10-18 21:34:36,032 : INFO : iGEM_URL : C:/Users/Garrett/Documents/Documents/wiki/src/css/nicepage.css was changed to https://2021.igem.org/Template:UFlorida/css/nicepageCSS?action=raw&ctype=text/css in Contribution.html.
2021-10-18 21:34:36,040 : INFO : iGEM_URL : C:/Users/Garrett/Documents/Documents/wiki/src/css/page-1.css was changed to https://2021.igem.org/Template:UFlorida/css/Page-1CSS?action=raw&ctype=text/css in Contribution.html.
2021-10-18 21:34:36,040 : INFO : iGEM_URL : C:/Users/Garrett/Documents/Documents/wiki/src/assets/WS-basic/img/logos/favicon_uflorida.png was changed to https://2021.igem.org/wiki/images/a/a3/T--UFlorida--WS-basic--img--logos--favicon_uflorida.png in Contribution.html.
2021-10-18 21:34:36,048 : INFO : iGEM_URL : C:/Users/Garrett/Documents/Documents/wiki/src/css/fontawesome.min.css was changed to https://2021.igem.org/Template:UFlorida/css/fontawesome-minCSS?action=raw&ctype=text/css in Contribution.html.
2021-10-18 21:34:36,056 : INFO : iGEM_URL : C:/Users/Garrett/Documents/Documents/wiki/src/js/loader.js was changed to https://2021.igem.org/Template:UFlorida/js/loaderJS?action=raw&ctype=text/javascript in Contribution.html.
2021-10-18 21:34:36,064 : INFO : iGEM_URL : C:/Users/Garrett/Documents/Documents/wiki/src/js/nicepage.js was changed to https://2021.igem.org/Template:UFlorida/js/nicepageJS?action=raw&ctype=text/javascript in Contribution.html.
2021-10-18 21:34:36,064 : INFO : iGEM_URL : C:/Users/Garrett/Documents/Documents/wiki/src/js/jquery.js was changed to https://2021.igem.org/Template:UFlorida/js/jqueryJS?action=raw&ctype=text/javascript in Contribution.html.
2021-10-18 21:34:36,064 : INFO : iGEM_URL : C:/Users/Garrett/Documents/Documents/wiki/src/js/fade.js was changed to https://2021.igem.org/Template:UFlorida/js/fadeJS?action=raw&ctype=text/javascript in Contribution.html.
2021-10-18 21:34:36,072 : INFO : iGEM_URL : C:/Users/Garrett/Documents/Documents/wiki/src/js/bootstrap.bundle.min.js was changed to https://2021.igem.org/Template:UFlorida/js/bootstrap-bundle-minJS?action=raw&ctype=text/javascript in Contribution.html.
2021-10-18 21:34:36,080 : INFO : iGEM_URL : C:/Users/Garrett/Documents/Documents/wiki/src/index.html was changed to https://2021.igem.org/Team:UFlorida in Contribution.html.
2021-10-18 21:34:36,080 : INFO : iGEM_URL : C:/Users/Garrett/Documents/Documents/wiki/src/Team.html was changed to https://2021.igem.org/Team:UFlorida/Team in Contribution.html.
2021-10-18 21:34:36,080 : INFO : iGEM_URL : C:/Users/Garrett/Documents/Documents/wiki/src/Team.html was changed to https://2021.igem.org/Team:UFlorida/Team in Contribution.html.
